<?xml version="1.0" encoding="UTF-8"?>
<testsuite xmlns:xsi="http://www.w3.org/2001/XMLSchema-instance" xsi:schemaLocation="https://maven.apache.org/surefire/maven-surefire-plugin/xsd/surefire-test-report.xsd" name="program.NumberDifference.nTest" time="0" tests="2" errors="0" skipped="0" failures="0">
  <properties>
    <property name="java.runtime.name" value="Java(TM) SE Runtime Environment"/>
    <property name="java.vm.version" value="11.0.14+8-LTS-263"/>
    <property name="sun.boot.library.path" value="C:\Program Files\Java\jdk-11.0.14\bin"/>
    <property name="maven.multiModuleProjectDirectory" value="C:\Users\Hargi\Documents\NetBeansProjects\mavenproject1"/>
    <property name="java.vm.vendor" value="Oracle Corporation"/>
    <property name="java.vendor.url" value="https://openjdk.java.net/"/>
    <property name="guice.disable.misplaced.annotation.check" value="true"/>
    <property name="path.separator" value=";"/>
    <property name="java.vm.name" value="Java HotSpot(TM) 64-Bit Server VM"/>
    <property name="sun.os.patch.level" value=""/>
    <property name="user.script" value=""/>
    <property name="user.country" value="US"/>
    <property name="sun.java.launcher" value="SUN_STANDARD"/>
    <property name="java.vm.specification.name" value="Java Virtual Machine Specification"/>
    <property name="user.dir" value="C:\Users\Hargi\Documents\NetBeansProjects\mavenproject1"/>
    <property name="java.vm.compressedOopsMode" value="Zero based"/>
    <property name="java.runtime.version" value="11.0.14+8-LTS-263"/>
    <property name="java.awt.graphicsenv" value="sun.awt.Win32GraphicsEnvironment"/>
    <property name="os.arch" value="amd64"/>
    <property name="java.io.tmpdir" value="C:\Users\Hargi\AppData\Local\Temp\"/>
    <property name="line.separator" value="&#10;"/>
    <property name="java.vm.specification.vendor" value="Oracle Corporation"/>
    <property name="user.variant" value=""/>
    <property name="os.name" value="Windows 11"/>
    <property name="classworlds.conf" value="C:\Users\Hargi\Downloads\Compressed\apache-maven-3.8.1-bin\apache-maven-3.8.1\bin\..\bin\m2.conf"/>
    <property name="sun.jnu.encoding" value="Cp1252"/>
    <property name="sonar.login" value="29ac8ed3f15786d0e57c3dc41a22e90b77ef9c01"/>
    <property name="java.library.path" value="C:\Program Files\Java\jdk-11.0.14\bin;C:\WINDOWS\Sun\Java\bin;C:\WINDOWS\system32;C:\WINDOWS;C:\hadoop-2.8.0\hadoop-2.8.0\sbin;C:\hadoop-2.8.0\hadoop-2.8.0\share\hadoop\common\*;C:\hadoop-2.8.0\hadoop-2.8.0\share\hadoop\hdfs;C:\hadoop-2.8.0\hadoop-2.8.0\share\hadoop\hdfs\lib\*;C:\hadoop-2.8.0\hadoop-2.8.0\share\hadoop\hdfs\*;C:\hadoop-2.8.0\hadoop-2.8.0\share\hadoop\yarn\lib\*;C:\hadoop-2.8.0\hadoop-2.8.0\share\hadoop\yarn\*;C:\hadoop-2.8.0\hadoop-2.8.0\share\hadoop\mapreduce\lib\*;C:\hadoop-2.8.0\hadoop-2.8.0\share\hadoop\mapreduce\*;C:\hadoop-2.8.0\hadoop-2.8.0\share\hadoop\common\lib\*;C:\Program Files\Java\jdk-11.0.14\bin;C:\Users\Hargi\Downloads\Compressed\apache-maven-3.8.1-bin\apache-maven-3.8.1\bin;C:\Program Files\Java\jdk-12.0.2\scripts;C:\Program Files\Haskell\bin;C:\Program Files\Haskell Platform\7.10.2-a\lib\extralibs\bin;C:\Program Files\Haskell Platform\7.10.2-a\bin;C:\oraclexe\app\oracle\product\11.2.0\server\bin;C:\Program Files\Java\jdk1.8.0_231\bin;C:\Program Files\Java\jdk-11.0.6\bin;C:\Program Files (x86)\Common Files\Oracle\Java\javapath;C:\Windows\system32;C:\Windows;C:\Windows\System32\Wbem;C:\Windows\System32\WindowsPowerShell\v1.0\;C:\Windows\System32\OpenSSH\;C:\Program Files (x86)\NVIDIA Corporation\PhysX\Common;C:\Program Files\NVIDIA Corporation\NVIDIA NvDLISR;C:\Program Files\Intel\WiFi\bin\;C:\Program Files\Common Files\Intel\WirelessCommon\;C:\Users\Hargi\Documents\Tugas Coding\Semester 2\cmder\vendor\git-for-windows\mysteri.c\bin;C:\Program Files\Git\cmd;C:\Users\Hargi\AppData\Local\Programs\Python\Python38-32\;C:\Users\Hargi\AppData\Local\Programs\Python\Python38-32\Scripts;C:\Users\Hargi\Downloads\Compressed\chromedriver_win32;C:\Users\Hargi\Downloads\Compressed\phantomjs-2.1.1-windows\phantomjs-2.1.1-windows\bin;C:\WINDOWS\system32;C:\WINDOWS;C:\WINDOWS\System32\Wbem;C:\WINDOWS\System32\WindowsPowerShell\v1.0\;C:\WINDOWS\System32\OpenSSH\;C:\Strawberry\c\bin;C:\Strawberry\perl\site\bin;C:\Strawberry\perl\bin;C:\Program Files\Haskell Platform\7.10.2-a\mingw\bin;C:\Program Files\swipl\bin;C:\Program Files\PuTTY\;C:\Program Files (x86)\PuTTY\;C:\Gradle\gradle-6.8.3-bin\gradle-6.8.3\bin;C:\Program Files\nodejs\;C:\Program Files\Go\bin;C:\ProgramData\chocolatey\bin;C:\Program Files\Docker\Docker\resources\bin;C:\ProgramData\DockerDesktop\version-bin;C:\Program Files (x86)\Google\Cloud SDK\google-cloud-sdk\bin;C:\sonar-scanner-4.7.0.2747-windows\bin;C:\Users\Hargi\AppData\Roaming\cabal\bin;C:\Ruby26-x64\bin;C:\Users\Hargi\AppData\Local\Microsoft\WindowsApps;C:\Users\Hargi\AppData\Local\GitHubDesktop\bin;C:\Users\Hargi\AppData\Local\Programs\Microsoft VS Code\bin;C:\Users\Hargi\AppData\Local\Microsoft\WindowsApps;C:\Users\Hargi\AppData\Roaming\npm;C:\Users\Hargi\go\bin;;."/>
    <property name="maven.conf" value="C:\Users\Hargi\Downloads\Compressed\apache-maven-3.8.1-bin\apache-maven-3.8.1\bin\../conf"/>
    <property name="jdk.debug" value="release"/>
    <property name="java.class.version" value="55.0"/>
    <property name="java.specification.name" value="Java Platform API Specification"/>
    <property name="sun.management.compiler" value="HotSpot 64-Bit Tiered Compilers"/>
    <property name="os.version" value="10.0"/>
    <property name="library.jansi.path" value="C:\Users\Hargi\Downloads\Compressed\apache-maven-3.8.1-bin\apache-maven-3.8.1\bin\..\lib\jansi-native"/>
    <property name="user.home" value="C:\Users\Hargi"/>
    <property name="user.timezone" value="Asia/Bangkok"/>
    <property name="java.awt.printerjob" value="sun.awt.windows.WPrinterJob"/>
    <property name="file.encoding" value="Cp1252"/>
    <property name="java.specification.version" value="11"/>
    <property name="user.name" value="Hargi"/>
    <property name="java.class.path" value="C:\Users\Hargi\Downloads\Compressed\apache-maven-3.8.1-bin\apache-maven-3.8.1\bin\..\boot\plexus-classworlds-2.6.0.jar"/>
    <property name="java.vm.specification.version" value="11"/>
    <property name="sun.arch.data.model" value="64"/>
    <property name="sun.java.command" value="org.codehaus.plexus.classworlds.launcher.Launcher package sonar:sonar -Dsonar.login=29ac8ed3f15786d0e57c3dc41a22e90b77ef9c01"/>
    <property name="java.home" value="C:\Program Files\Java\jdk-11.0.14"/>
    <property name="user.language" value="en"/>
    <property name="java.specification.vendor" value="Oracle Corporation"/>
    <property name="awt.toolkit" value="sun.awt.windows.WToolkit"/>
    <property name="java.vm.info" value="mixed mode"/>
    <property name="java.version" value="11.0.14"/>
    <property name="java.vendor" value="Oracle Corporation"/>
    <property name="sun.stderr.encoding" value="cp437"/>
    <property name="maven.home" value="C:\Users\Hargi\Downloads\Compressed\apache-maven-3.8.1-bin\apache-maven-3.8.1\bin\.."/>
    <property name="file.separator" value="\"/>
    <property name="java.version.date" value="2022-01-18"/>
    <property name="java.vendor.url.bug" value="https://bugreport.java.com/bugreport/"/>
    <property name="sun.io.unicode.encoding" value="UnicodeLittle"/>
    <property name="sun.cpu.endian" value="little"/>
    <property name="java.vendor.version" value="18.9"/>
    <property name="sun.stdout.encoding" value="cp437"/>
    <property name="sun.desktop" value="windows"/>
    <property name="sun.cpu.isalist" value="amd64"/>
  </properties>
  <testcase name="testInputNBilLuarRange_01" classname="program.NumberDifference.nTest" time="0"/>
  <testcase name="testInputNBilDalamRange_01" classname="program.NumberDifference.nTest" time="0"/>
</testsuite>